<?xml version="1.0" encoding="UTF-8"?>
<!-- Generated by org.testng.reporters.JUnitXMLReporter -->
<testsuite ignored="0" hostname="LDMXL0040GXH" failures="1" tests="18" name="Default test" time="25.131" errors="0" timestamp="2023-03-30T11:48:00 EDT">
  <testcase classname="Runner.TestRunner" name="Loginscenario" time="0.538"/>
  <testcase classname="Runner.TestRunner" name="LoginInvalidscenario" time="0.37"/>
  <testcase classname="Runner.TestRunner" name="Checkboxscenario" time="0.46"/>
  <testcase classname="Runner.TestRunner" name="ContextMenu" time="0.329"/>
  <testcase classname="Runner.TestRunner" name="DragandDrop" time="0.134"/>
  <testcase classname="Runner.TestRunner" name="DropDown" time="0.683"/>
  <testcase classname="Runner.TestRunner" name="DynamicContent" time="0.501"/>
  <testcase classname="Runner.TestRunner" name="DynamicControls" time="12.502"/>
  <testcase classname="Runner.TestRunner" name="DynamicLoading" time="5.112"/>
  <testcase classname="Runner.TestRunner" name="FileDownload" time="1.327">
    <failure type="org.openqa.selenium.remote.http.ConnectionFailedException" message="Unable to establish websocket connection to http://localhost:58392/devtools/browser/c7c3d560-f4c8-4e21-b30a-41f82223978e
Build info: version: &amp;apos;4.8.0&amp;apos;, revision: &amp;apos;267030adea&amp;apos;
System info: os.name: &amp;apos;Windows 10&amp;apos;, os.arch: &amp;apos;amd64&amp;apos;, os.version: &amp;apos;10.0&amp;apos;, java.version: &amp;apos;17.0.2&amp;apos;
Driver info: driver.version: ChromeDriver">
      <![CDATA[org.openqa.selenium.remote.http.ConnectionFailedException: Unable to establish websocket connection to http://localhost:58392/devtools/browser/c7c3d560-f4c8-4e21-b30a-41f82223978e
Build info: version: '4.8.0', revision: '267030adea'
System info: os.name: 'Windows 10', os.arch: 'amd64', os.version: '10.0', java.version: '17.0.2'
Driver info: driver.version: ChromeDriver
at org.openqa.selenium.remote.http.netty.NettyWebSocket.<init>(NettyWebSocket.java:102)
at org.openqa.selenium.remote.http.netty.NettyWebSocket.lambda$create$3(NettyWebSocket.java:128)
at org.openqa.selenium.remote.http.netty.NettyClient.openSocket(NettyClient.java:107)
at org.openqa.selenium.devtools.Connection.<init>(Connection.java:78)
at org.openqa.selenium.chromium.ChromiumDriver.lambda$new$2(ChromiumDriver.java:116)
at java.base/java.util.Optional.map(Optional.java:260)
at org.openqa.selenium.chromium.ChromiumDriver.<init>(ChromiumDriver.java:114)
at org.openqa.selenium.chrome.ChromeDriver.<init>(ChromeDriver.java:82)
at org.openqa.selenium.chrome.ChromeDriver.<init>(ChromeDriver.java:71)
at Runner.TestRunner.FileDownload(TestRunner.java:228)
at java.base/jdk.internal.reflect.NativeMethodAccessorImpl.invoke0(Native Method)
at java.base/jdk.internal.reflect.NativeMethodAccessorImpl.invoke(NativeMethodAccessorImpl.java:77)
at java.base/jdk.internal.reflect.DelegatingMethodAccessorImpl.invoke(DelegatingMethodAccessorImpl.java:43)
at java.base/java.lang.reflect.Method.invoke(Method.java:568)
at org.testng.internal.MethodInvocationHelper.invokeMethod(MethodInvocationHelper.java:133)
at org.testng.internal.TestInvoker.invokeMethod(TestInvoker.java:598)
at org.testng.internal.TestInvoker.invokeTestMethod(TestInvoker.java:173)
at org.testng.internal.MethodRunner.runInSequence(MethodRunner.java:46)
at org.testng.internal.TestInvoker$MethodInvocationAgent.invoke(TestInvoker.java:824)
at org.testng.internal.TestInvoker.invokeTestMethods(TestInvoker.java:146)
at org.testng.internal.TestMethodWorker.invokeTestMethods(TestMethodWorker.java:146)
at org.testng.internal.TestMethodWorker.run(TestMethodWorker.java:128)
at java.base/java.util.ArrayList.forEach(ArrayList.java:1511)
at org.testng.TestRunner.privateRun(TestRunner.java:794)
at org.testng.TestRunner.run(TestRunner.java:596)
at org.testng.SuiteRunner.runTest(SuiteRunner.java:377)
at org.testng.SuiteRunner.runSequentially(SuiteRunner.java:371)
at org.testng.SuiteRunner.privateRun(SuiteRunner.java:332)
at org.testng.SuiteRunner.run(SuiteRunner.java:276)
at org.testng.SuiteRunnerWorker.runSuite(SuiteRunnerWorker.java:53)
at org.testng.SuiteRunnerWorker.run(SuiteRunnerWorker.java:96)
at org.testng.TestNG.runSuitesSequentially(TestNG.java:1212)
at org.testng.TestNG.runSuitesLocally(TestNG.java:1134)
at org.testng.TestNG.runSuites(TestNG.java:1063)
at org.testng.TestNG.run(TestNG.java:1031)
at org.testng.remote.AbstractRemoteTestNG.run(AbstractRemoteTestNG.java:115)
at org.testng.remote.RemoteTestNG.initAndRun(RemoteTestNG.java:251)
at org.testng.remote.RemoteTestNG.main(RemoteTestNG.java:77)
]]>
    </failure>
  </testcase> <!-- FileDownload -->
  <testcase classname="Runner.TestRunner" name="FileUpload" time="0.409"/>
  <testcase classname="Runner.TestRunner" name="FloatingMenu" time="0.226"/>
  <testcase classname="Runner.TestRunner" name="iframe" time="0.985"/>
  <testcase classname="Runner.TestRunner" name="MouseHover" time="0.631"/>
  <testcase classname="Runner.TestRunner" name="JavaScriptAlert" time="0.256"/>
  <testcase classname="Runner.TestRunner" name="JavaScriptError" time="0.039"/>
  <testcase classname="Runner.TestRunner" name="windowhandlefunc" time="0.161"/>
  <testcase classname="Runner.TestRunner" name="NotificationMessage" time="0.174"/>
</testsuite> <!-- Default test -->
